0 info it worked if it ends with ok
1 verbose cli [ 'V:\\FullStackAttack\\node.exe',
1 verbose cli   'V:\\FullStackAttack\\node_modules\\npm\\bin\\npm-cli.js',
1 verbose cli   'install',
1 verbose cli   'http-server',
1 verbose cli   '-g' ]
2 info using npm@3.10.10
3 info using node@v6.10.2
4 silly loadCurrentTree Starting
5 silly install loadCurrentTree
6 silly install readGlobalPackageData
7 silly fetchPackageMetaData http-server
8 silly fetchOtherPackageData http-server
9 silly cache add args [ 'http-server', null ]
10 verbose cache add spec http-server
11 silly cache add parsed spec Result {
11 silly cache add   raw: 'http-server',
11 silly cache add   scope: null,
11 silly cache add   escapedName: 'http-server',
11 silly cache add   name: null,
11 silly cache add   rawSpec: 'http-server',
11 silly cache add   spec: 'V:\\FullStackAttack2\\MeanHotel\\npm\\http-server',
11 silly cache add   type: 'local' }
12 silly addLocalTarball shasum (computed) fd609fa462fd8a1031ee77b7628d8b995a8422fa
13 verbose addTmpTarball V:\FullStackAttack2\MeanHotel\npm\http-server not in flight; adding
14 verbose correctMkdir C:\Users\Gamma Array\AppData\Roaming\npm-cache correctMkdir not in flight; initializing
15 verbose addTmpTarball validating metadata from V:\FullStackAttack2\MeanHotel\npm\http-server
16 verbose tar unpack V:\FullStackAttack2\MeanHotel\npm\http-server
17 verbose tar unpacking to C:\Users\GAMMAA~1\AppData\Local\Temp\npm-7712-cd7a4684\unpack-914e278e
18 silly gentlyRm C:\Users\GAMMAA~1\AppData\Local\Temp\npm-7712-cd7a4684\unpack-914e278e is being purged
19 verbose gentlyRm don't care about contents; nuking C:\Users\GAMMAA~1\AppData\Local\Temp\npm-7712-cd7a4684\unpack-914e278e
20 silly gunzTarPerm modes [ '777', '666' ]
21 error not a package V:\FullStackAttack2\MeanHotel\npm\http-server
22 error addLocal Could not install V:\FullStackAttack2\MeanHotel\npm\http-server
23 silly fetchPackageMetaData Error: ENOENT: no such file or directory, open 'C:\Users\GAMMAA~1\AppData\Local\Temp\npm-7712-cd7a4684\unpack-914e278e\package.json'
23 silly fetchPackageMetaData     at Error (native)
23 silly fetchPackageMetaData  error for http-server { Error: ENOENT: no such file or directory, open 'C:\Users\GAMMAA~1\AppData\Local\Temp\npm-7712-cd7a4684\unpack-914e278e\package.json'
23 silly fetchPackageMetaData     at Error (native)
23 silly fetchPackageMetaData   errno: -4058,
23 silly fetchPackageMetaData   code: 'ENOENT',
23 silly fetchPackageMetaData   syscall: 'open',
23 silly fetchPackageMetaData   path: 'C:\\Users\\GAMMAA~1\\AppData\\Local\\Temp\\npm-7712-cd7a4684\\unpack-914e278e\\package.json' }
24 silly rollbackFailedOptional Starting
25 silly rollbackFailedOptional Finishing
26 silly runTopLevelLifecycles Finishing
27 silly install printInstalled
28 verbose stack Error: ENOENT: no such file or directory, open 'C:\Users\GAMMAA~1\AppData\Local\Temp\npm-7712-cd7a4684\unpack-914e278e\package.json'
28 verbose stack     at Error (native)
29 verbose cwd V:\FullStackAttack2\MeanHotel\npm
30 error Windows_NT 6.1.7601
31 error argv "V:\\FullStackAttack\\node.exe" "V:\\FullStackAttack\\node_modules\\npm\\bin\\npm-cli.js" "install" "http-server" "-g"
32 error node v6.10.2
33 error npm  v3.10.10
34 error path C:\Users\GAMMAA~1\AppData\Local\Temp\npm-7712-cd7a4684\unpack-914e278e\package.json
35 error code ENOENT
36 error errno -4058
37 error syscall open
38 error enoent ENOENT: no such file or directory, open 'C:\Users\GAMMAA~1\AppData\Local\Temp\npm-7712-cd7a4684\unpack-914e278e\package.json'
39 error enoent ENOENT: no such file or directory, open 'C:\Users\GAMMAA~1\AppData\Local\Temp\npm-7712-cd7a4684\unpack-914e278e\package.json'
39 error enoent This is most likely not a problem with npm itself
39 error enoent and is related to npm not being able to find a file.
40 verbose exit [ -4058, true ]
